Termux/termux-api/app/build/outputs/logs/manifest-merger-debug-report.txt
-- Merging decision tree log ---
manifest
ADDED from src/main/AndroidManifest.xml:2:1-64:12
INJECTED from src/main/AndroidManifest.xml:2:1-64:12
INJECTED from src/main/AndroidManifest.xml:2:1-64:12
INJECTED from src/main/AndroidManifest.xml:2:1-64:12
INJECTED from src/main/AndroidManifest.xml:2:1-64:12
INJECTED from src/main/AndroidManifest.xml:2:1-64:12
INJECTED from src/main/AndroidManifest.xml:2:1-64:12
	package
		ADDED from src/main/AndroidManifest.xml:3:5-29
		INJECTED from src/main/AndroidManifest.xml
		INJECTED from src/main/AndroidManifest.xml
	android:sharedUserId
		ADDED from src/main/AndroidManifest.xml:4:5-38
	android:versionName
		INJECTED from src/main/AndroidManifest.xml
		ADDED from src/main/AndroidManifest.xml:2:1-64:12
		INJECTED from src/main/AndroidManifest.xml
	android:versionCode
		INJECTED from src/main/AndroidManifest.xml
		ADDED from src/main/AndroidManifest.xml:2:1-64:12
		INJECTED from src/main/AndroidManifest.xml
	xmlns:android
		ADDED from src/main/AndroidManifest.xml:2:11-69
uses-feature#android.hardware.touchscreen
ADDED from src/main/AndroidManifest.xml:6:5-90
	android:required
		ADDED from src/main/AndroidManifest.xml:6:63-87
	android:name
		ADDED from src/main/AndroidManifest.xml:6:19-62
uses-permission#android.permission.READ_SMS
ADDED from src/main/AndroidManifest.xml:8:5-67
	android:name
		ADDED from src/main/AndroidManifest.xml:8:22-64
uses-permission#android.permission.SEND_SMS
ADDED from src/main/AndroidManifest.xml:9:5-67
	android:name
		ADDED from src/main/AndroidManifest.xml:9:22-64
uses-permission#android.permission.CALL_PHONE
ADDED from src/main/AndroidManifest.xml:11:5-68
	android:name
		ADDED from src/main/AndroidManifest.xml:11:22-66
uses-permission#android.permission.READ_CONTACTS
ADDED from src/main/AndroidManifest.xml:12:5-71
	android:name
		ADDED from src/main/AndroidManifest.xml:12:22-69
uses-permission#android.permission.CAMERA
ADDED from src/main/AndroidManifest.xml:13:5-65
	android:name
		ADDED from src/main/AndroidManifest.xml:13:22-62
uses-permission#android.permission.RECORD_AUDIO
ADDED from src/main/AndroidManifest.xml:14:5-71
	android:name
		ADDED from src/main/AndroidManifest.xml:14:22-68
uses-permission#android.permission.ACCESS_COARSE_LOCATION
ADDED from src/main/AndroidManifest.xml:15:5-81
	android:name
		ADDED from src/main/AndroidManifest.xml:15:22-78
uses-permission#android.permission.ACCESS_FINE_LOCATION
ADDED from src/main/AndroidManifest.xml:16:5-79
	android:name
		ADDED from src/main/AndroidManifest.xml:16:22-76
uses-permission#android.permission.VIBRATE
ADDED from src/main/AndroidManifest.xml:17:5-66
	android:name
		ADDED from src/main/AndroidManifest.xml:17:22-63
uses-permission#android.permission.TRANSMIT_IR
ADDED from src/main/AndroidManifest.xml:18:5-70
	android:name
		ADDED from src/main/AndroidManifest.xml:18:22-67
uses-permission#android.permission.READ_PHONE_STATE
ADDED from src/main/AndroidManifest.xml:19:5-75
	android:name
		ADDED from src/main/AndroidManifest.xml:19:22-72
uses-permission#android.permission.ACCESS_WIFI_STATE
ADDED from src/main/AndroidManifest.xml:20:5-76
	android:name
		ADDED from src/main/AndroidManifest.xml:20:22-73
uses-feature#android.hardware.camera
ADDED from src/main/AndroidManifest.xml:24:5-85
	android:required
		ADDED from src/main/AndroidManifest.xml:24:58-82
	android:name
		ADDED from src/main/AndroidManifest.xml:24:19-57
uses-feature#android.hardware.camera.autofocus
ADDED from src/main/AndroidManifest.xml:25:5-95
	android:required
		ADDED from src/main/AndroidManifest.xml:25:68-92
	android:name
		ADDED from src/main/AndroidManifest.xml:25:19-67
uses-feature#android.hardware.location
ADDED from src/main/AndroidManifest.xml:26:5-87
	android:required
		ADDED from src/main/AndroidManifest.xml:26:60-84
	android:name
		ADDED from src/main/AndroidManifest.xml:26:19-59
uses-feature#android.hardware.location.gps
ADDED from src/main/AndroidManifest.xml:27:5-91
	android:required
		ADDED from src/main/AndroidManifest.xml:27:64-88
	android:name
		ADDED from src/main/AndroidManifest.xml:27:19-63
uses-feature#android.hardware.location.network
ADDED from src/main/AndroidManifest.xml:28:5-95
	android:required
		ADDED from src/main/AndroidManifest.xml:28:68-92
	android:name
		ADDED from src/main/AndroidManifest.xml:28:19-67
uses-feature#android.hardware.microphone
ADDED from src/main/AndroidManifest.xml:29:5-89
	android:required
		ADDED from src/main/AndroidManifest.xml:29:62-86
	android:name
		ADDED from src/main/AndroidManifest.xml:29:19-61
uses-feature#android.hardware.telephony
ADDED from src/main/AndroidManifest.xml:30:5-88
	android:required
		ADDED from src/main/AndroidManifest.xml:30:61-85
	android:name
		ADDED from src/main/AndroidManifest.xml:30:19-60
uses-feature#android.hardware.wifi
ADDED from src/main/AndroidManifest.xml:31:5-83
	android:required
		ADDED from src/main/AndroidManifest.xml:31:56-80
	android:name
		ADDED from src/main/AndroidManifest.xml:31:19-55
permission#com.termux.sharedfiles.READ
ADDED from src/main/AndroidManifest.xml:35:5-98
	android:protectionLevel
		ADDED from src/main/AndroidManifest.xml:35:60-95
	android:name
		ADDED from src/main/AndroidManifest.xml:35:17-59
application
ADDED from src/main/AndroidManifest.xml:37:5-62:19
	android:supportsRtl
		ADDED from src/main/AndroidManifest.xml:42:9-35
	android:label
		ADDED from src/main/AndroidManifest.xml:41:9-41
	android:roundIcon
		ADDED from src/main/AndroidManifest.xml:40:9-54
	android:icon
		ADDED from src/main/AndroidManifest.xml:39:9-43
	android:allowBackup
		ADDED from src/main/AndroidManifest.xml:38:9-35
	android:theme
		ADDED from src/main/AndroidManifest.xml:43:9-60
receiver#com.termux.api.TermuxApiReceiver
ADDED from src/main/AndroidManifest.xml:44:9-68
	android:name
		ADDED from src/main/AndroidManifest.xml:44:19-66
activity#com.termux.api.DialogActivity
ADDED from src/main/AndroidManifest.xml:45:9-214
	android:excludeFromRecents
		ADDED from src/main/AndroidManifest.xml:45:154-187
	android:noHistory
		ADDED from src/main/AndroidManifest.xml:45:129-153
	android:exported
		ADDED from src/main/AndroidManifest.xml:45:188-212
	android:theme
		ADDED from src/main/AndroidManifest.xml:45:64-128
	android:name
		ADDED from src/main/AndroidManifest.xml:45:19-63
activity#com.termux.api.util.TermuxApiPermissionActivity
ADDED from src/main/AndroidManifest.xml:46:9-50:45
	android:excludeFromRecents
		ADDED from src/main/AndroidManifest.xml:49:19-52
	android:noHistory
		ADDED from src/main/AndroidManifest.xml:48:19-43
	android:exported
		ADDED from src/main/AndroidManifest.xml:50:19-43
	android:theme
		ADDED from src/main/AndroidManifest.xml:47:19-65
	android:name
		ADDED from src/main/AndroidManifest.xml:46:19-81
activity#com.termux.api.StorageGetAPI$StorageActivity
ADDED from src/main/AndroidManifest.xml:51:9-54:45
	android:excludeFromRecents
		ADDED from src/main/AndroidManifest.xml:53:19-52
	android:exported
		ADDED from src/main/AndroidManifest.xml:54:19-43
	android:theme
		ADDED from src/main/AndroidManifest.xml:52:19-78
	android:name
		ADDED from src/main/AndroidManifest.xml:51:19-78
service#com.termux.api.SpeechToTextAPI$SpeechToTextService
ADDED from src/main/AndroidManifest.xml:55:9-85
	android:name
		ADDED from src/main/AndroidManifest.xml:55:18-83
service#com.termux.api.TextToSpeechAPI$TextToSpeechService
ADDED from src/main/AndroidManifest.xml:56:9-86
	android:name
		ADDED from src/main/AndroidManifest.xml:56:18-83
provider#com.termux.api.ShareAPI$ContentProvider
ADDED from src/main/AndroidManifest.xml:57:9-61:70
	android:readPermission
		ADDED from src/main/AndroidManifest.xml:58:13-65
	android:grantUriPermissions
		ADDED from src/main/AndroidManifest.xml:60:13-47
	android:authorities
		ADDED from src/main/AndroidManifest.xml:57:19-63
	android:exported
		ADDED from src/main/AndroidManifest.xml:59:13-36
	android:name
		ADDED from src/main/AndroidManifest.xml:61:13-67
uses-sdk
INJECTED from src/main/AndroidManifest.xml reason: use-sdk injection requested
INJECTED from src/main/AndroidManifest.xml
INJECTED from src/main/AndroidManifest.xml
INJECTED from src/main/AndroidManifest.xml
INJECTED from src/main/AndroidManifest.xml
	android:targetSdkVersion
		INJECTED from src/main/AndroidManifest.xml
		ADDED from src/main/AndroidManifest.xml
		INJECTED from src/main/AndroidManifest.xml
	android:minSdkVersion
		INJECTED from src/main/AndroidManifest.xml
		ADDED from src/main/AndroidManifest.xml
		INJECTED from src/main/AndroidManifest.xml